<?xml version="1.0" encoding="UTF-8"?>
<!-- Generated by org.testng.reporters.JUnitXMLReporter -->
<testsuite ignored="4" hostname="DESKTOP-R7F4RG8" failures="0" tests="4" name="Default test" time="18.539" errors="0" timestamp="2023-05-30T07:16:40 IST">
  <testcase classname="Tests.Login" name="login" time="0.427"/>
  <testcase classname="Tests.Login" name="login" time="0.503"/>
  <testcase classname="Tests.Login" name="login" time="0.476"/>
  <testcase classname="Tests.Login" name="login" time="0.474"/>
  <testcase classname="Tests.Login" name="loginWithoutCred" time="0.0">
    <ignored/>
  </testcase> <!-- loginWithoutCred -->
  <testcase classname="Tests.Login" name="loginWithWrongPass" time="0.0">
    <ignored/>
  </testcase> <!-- loginWithWrongPass -->
  <testcase classname="Tests.Login" name="loginWithInvalidCred" time="0.0">
    <ignored/>
  </testcase> <!-- loginWithInvalidCred -->
  <testcase classname="Tests.Login" name="loginWithValidCred" time="0.0">
    <ignored/>
  </testcase> <!-- loginWithValidCred -->
</testsuite> <!-- Default test -->
