<?xml version="1.0" encoding="UTF-8"?>
<!-- Generated by org.testng.reporters.JUnitXMLReporter -->
<testsuite ignored="4" hostname="DESKTOP-R7F4RG8" failures="0" tests="4" name="Test" time="22.514" errors="0" timestamp="2023-05-30T07:32:56 IST">
  <testcase classname="Tests.Login" name="login" time="0.513"/>
  <testcase classname="Tests.Login" name="login" time="0.79"/>
  <testcase classname="Tests.Login" name="login" time="0.693"/>
  <testcase classname="Tests.Login" name="login" time="0.935"/>
  <testcase classname="Tests.Login" name="loginWithWrongPass" time="0.0">
    <ignored/>
  </testcase> <!-- loginWithWrongPass -->
  <testcase classname="Tests.Login" name="loginWithValidCred" time="0.0">
    <ignored/>
  </testcase> <!-- loginWithValidCred -->
  <testcase classname="Tests.Login" name="loginWithInvalidCred" time="0.0">
    <ignored/>
  </testcase> <!-- loginWithInvalidCred -->
  <testcase classname="Tests.Login" name="loginWithoutCred" time="0.0">
    <ignored/>
  </testcase> <!-- loginWithoutCred -->
</testsuite> <!-- Test -->
