<?xml version="1.0" encoding="UTF-8"?>
<testng-results ignored="4" total="8" passed="4" failed="0" skipped="0">
  <reporter-output>
  </reporter-output>
  <suite started-at="2023-05-30T07:32:34 IST" name="Suite" finished-at="2023-05-30T07:32:56 IST" duration-ms="22514">
    <groups>
    </groups>
    <test started-at="2023-05-30T07:32:34 IST" name="Test" finished-at="2023-05-30T07:32:56 IST" duration-ms="22514">
      <class name="Tests.Login">
        <test-method is-config="true" signature="launchApplication()[pri:0, instance:Tests.Login@7fb95505]" started-at="2023-05-30T07:32:35 IST" name="launchApplication" finished-at="2023-05-30T07:32:41 IST" duration-ms="6269" status="PASS">
          <reporter-output>
          </reporter-output>
        </test-method> <!-- launchApplication -->
        <test-method signature="login(java.util.HashMap)[pri:0, instance:Tests.Login@7fb95505]" started-at="2023-05-30T07:32:41 IST" name="login" data-provider="getData" finished-at="2023-05-30T07:32:41 IST" duration-ms="513" status="PASS">
          <params>
            <param index="0">
              <value>
                <![CDATA[{password=Iamking@000, email=anshika@gmail.com}]]>
              </value>
            </param>
          </params>
          <reporter-output>
          </reporter-output>
        </test-method> <!-- login -->
        <test-method is-config="true" signature="launchApplication()[pri:0, instance:Tests.Login@7fb95505]" started-at="2023-05-30T07:32:41 IST" name="launchApplication" finished-at="2023-05-30T07:32:45 IST" duration-ms="3184" status="PASS">
          <reporter-output>
          </reporter-output>
        </test-method> <!-- launchApplication -->
        <test-method signature="login(java.util.HashMap)[pri:0, instance:Tests.Login@7fb95505]" started-at="2023-05-30T07:32:45 IST" name="login" data-provider="getData" finished-at="2023-05-30T07:32:45 IST" duration-ms="790" status="PASS">
          <params>
            <param index="0">
              <value>
                <![CDATA[{password=jshdshd, email=anshika@gmail.com}]]>
              </value>
            </param>
          </params>
          <reporter-output>
          </reporter-output>
        </test-method> <!-- login -->
        <test-method is-config="true" signature="launchApplication()[pri:0, instance:Tests.Login@7fb95505]" started-at="2023-05-30T07:32:45 IST" name="launchApplication" finished-at="2023-05-30T07:32:50 IST" duration-ms="4450" status="PASS">
          <reporter-output>
          </reporter-output>
        </test-method> <!-- launchApplication -->
        <test-method signature="login(java.util.HashMap)[pri:0, instance:Tests.Login@7fb95505]" started-at="2023-05-30T07:32:50 IST" name="login" data-provider="getData" finished-at="2023-05-30T07:32:51 IST" duration-ms="693" status="PASS">
          <params>
            <param index="0">
              <value>
                <![CDATA[{password=jsnjaj, email=shdhad}]]>
              </value>
            </param>
          </params>
          <reporter-output>
          </reporter-output>
        </test-method> <!-- login -->
        <test-method is-config="true" signature="launchApplication()[pri:0, instance:Tests.Login@7fb95505]" started-at="2023-05-30T07:32:51 IST" name="launchApplication" finished-at="2023-05-30T07:32:55 IST" duration-ms="4971" status="PASS">
          <reporter-output>
          </reporter-output>
        </test-method> <!-- launchApplication -->
        <test-method signature="login(java.util.HashMap)[pri:0, instance:Tests.Login@7fb95505]" started-at="2023-05-30T07:32:55 IST" name="login" data-provider="getData" finished-at="2023-05-30T07:32:56 IST" duration-ms="935" status="PASS">
          <params>
            <param index="0">
              <value>
                <![CDATA[{password=, email=}]]>
              </value>
            </param>
          </params>
          <reporter-output>
          </reporter-output>
        </test-method> <!-- login -->
      </class> <!-- Tests.Login -->
    </test> <!-- Test -->
  </suite> <!-- Suite -->
</testng-results>
